[debug] [2025-11-04T18:08:39.878Z] ----------------------------------------------------------------------
[debug] [2025-11-04T18:08:39.881Z] Command:       /nix/store/ws50yvm6vzlzf7jzz6n7xh4szddrack1-nodejs-20.19.1/bin/node /home/user/.global_modules/bin/firebase hosting:channel:deploy feat-ggr-phase0-preview --project ggr-staging-20251104152722
[debug] [2025-11-04T18:08:39.882Z] CLI Version:   14.23.0
[debug] [2025-11-04T18:08:39.882Z] Platform:      linux
[debug] [2025-11-04T18:08:39.883Z] Node Version:  v20.19.1
[debug] [2025-11-04T18:08:39.883Z] Time:          Tue Nov 04 2025 18:08:39 GMT+0000 (Coordinated Universal Time)
[debug] [2025-11-04T18:08:39.883Z] ----------------------------------------------------------------------
[debug] 
[debug] [2025-11-04T18:08:40.629Z] > command requires scopes: ["email","openid","https://www.googleapis.com/auth/cloudplatformprojects.readonly","https://www.googleapis.com/auth/firebase","https://www.googleapis.com/auth/cloud-platform","https://www.googleapis.com/auth/userinfo.email"]
[debug] [2025-11-04T18:08:40.630Z] > authorizing via signed-in user (retreatgreens@gmail.com)
[debug] [2025-11-04T18:08:40.630Z] [iam] checking project ggr-staging-20251104152722 for permissions ["firebase.projects.get","firebasehosting.sites.update"]
[debug] [2025-11-04T18:08:40.633Z] Checked if tokens are valid: true, expires at: 1762283315191
[debug] [2025-11-04T18:08:40.633Z] Checked if tokens are valid: true, expires at: 1762283315191
[debug] [2025-11-04T18:08:40.636Z] >>> [apiv2][query] POST https://cloudresourcemanager.googleapis.com/v1/projects/ggr-staging-20251104152722:testIamPermissions [none]
[debug] [2025-11-04T18:08:40.636Z] >>> [apiv2][(partial)header] POST https://cloudresourcemanager.googleapis.com/v1/projects/ggr-staging-20251104152722:testIamPermissions x-goog-quota-user=projects/ggr-staging-20251104152722
[debug] [2025-11-04T18:08:40.637Z] >>> [apiv2][body] POST https://cloudresourcemanager.googleapis.com/v1/projects/ggr-staging-20251104152722:testIamPermissions {"permissions":["firebase.projects.get","firebasehosting.sites.update"]}
[debug] [2025-11-04T18:08:41.425Z] <<< [apiv2][status] POST https://cloudresourcemanager.googleapis.com/v1/projects/ggr-staging-20251104152722:testIamPermissions 200
[debug] [2025-11-04T18:08:41.427Z] <<< [apiv2][body] POST https://cloudresourcemanager.googleapis.com/v1/projects/ggr-staging-20251104152722:testIamPermissions {"permissions":["firebase.projects.get","firebasehosting.sites.update"]}
[debug] [2025-11-04T18:08:41.428Z] Checked if tokens are valid: true, expires at: 1762283315191
[debug] [2025-11-04T18:08:41.431Z] Checked if tokens are valid: true, expires at: 1762283315191
[debug] [2025-11-04T18:08:41.432Z] >>> [apiv2][query] GET https://firebase.googleapis.com/v1beta1/projects/ggr-staging-20251104152722 [none]
[debug] [2025-11-04T18:08:41.646Z] <<< [apiv2][status] GET https://firebase.googleapis.com/v1beta1/projects/ggr-staging-20251104152722 200
[debug] [2025-11-04T18:08:41.647Z] <<< [apiv2][body] GET https://firebase.googleapis.com/v1beta1/projects/ggr-staging-20251104152722 {"projectId":"ggr-staging-20251104152722","projectNumber":"214059729300","displayName":"GGR Staging","name":"projects/ggr-staging-20251104152722","resources":{"hostingSite":"ggr-staging-20251104152722"},"state":"ACTIVE","etag":"1_570cac3f-5a2e-434f-a530-e4bd12b73a7e"}
[debug] [2025-11-04T18:08:41.657Z] Checked if tokens are valid: true, expires at: 1762283315191
[debug] [2025-11-04T18:08:41.657Z] Checked if tokens are valid: true, expires at: 1762283315191
[debug] [2025-11-04T18:08:41.658Z] >>> [apiv2][query] GET https://firebasehosting.googleapis.com/v1beta1/projects/ggr-staging-20251104152722/sites/ggr-staging-20251104152722/channels/feat-ggr-phase0-preview [none]
[debug] [2025-11-04T18:08:42.371Z] <<< [apiv2][status] GET https://firebasehosting.googleapis.com/v1beta1/projects/ggr-staging-20251104152722/sites/ggr-staging-20251104152722/channels/feat-ggr-phase0-preview 200
[debug] [2025-11-04T18:08:42.373Z] <<< [apiv2][body] GET https://firebasehosting.googleapis.com/v1beta1/projects/ggr-staging-20251104152722/sites/ggr-staging-20251104152722/channels/feat-ggr-phase0-preview {"name":"projects/ggr-staging-20251104152722/sites/ggr-staging-20251104152722/channels/feat-ggr-phase0-preview","url":"https://ggr-staging-20251104152722--feat-ggr-phase0-preview-7s169i62.web.app","createTime":"2025-11-04T16:12:25.588194123Z","updateTime":"2025-11-04T17:16:22.361144741Z","retainedReleaseCount":10,"expireTime":"2025-11-11T17:16:22.361144741Z"}
[debug] [2025-11-04T18:08:42.373Z] [hosting] found existing channel for site ggr-staging-20251104152722 {"name":"projects/ggr-staging-20251104152722/sites/ggr-staging-20251104152722/channels/feat-ggr-phase0-preview","url":"https://ggr-staging-20251104152722--feat-ggr-phase0-preview-7s169i62.web.app","createTime":"2025-11-04T16:12:25.588194123Z","updateTime":"2025-11-04T17:16:22.361144741Z","retainedReleaseCount":10,"expireTime":"2025-11-11T17:16:22.361144741Z"}
[debug] [2025-11-04T18:08:42.376Z] Checked if tokens are valid: true, expires at: 1762283315191
[debug] [2025-11-04T18:08:42.376Z] Checked if tokens are valid: true, expires at: 1762283315191
[debug] [2025-11-04T18:08:42.377Z] >>> [apiv2][query] PATCH https://firebasehosting.googleapis.com/v1beta1/projects/ggr-staging-20251104152722/sites/ggr-staging-20251104152722/channels/feat-ggr-phase0-preview updateMask=ttl
[debug] [2025-11-04T18:08:42.381Z] >>> [apiv2][body] PATCH https://firebasehosting.googleapis.com/v1beta1/projects/ggr-staging-20251104152722/sites/ggr-staging-20251104152722/channels/feat-ggr-phase0-preview {"ttl":"604800s"}
[debug] [2025-11-04T18:08:42.562Z] <<< [apiv2][status] PATCH https://firebasehosting.googleapis.com/v1beta1/projects/ggr-staging-20251104152722/sites/ggr-staging-20251104152722/channels/feat-ggr-phase0-preview 200
[debug] [2025-11-04T18:08:42.563Z] <<< [apiv2][body] PATCH https://firebasehosting.googleapis.com/v1beta1/projects/ggr-staging-20251104152722/sites/ggr-staging-20251104152722/channels/feat-ggr-phase0-preview {"name":"projects/ggr-staging-20251104152722/sites/ggr-staging-20251104152722/channels/feat-ggr-phase0-preview","url":"https://ggr-staging-20251104152722--feat-ggr-phase0-preview-7s169i62.web.app","createTime":"2025-11-04T16:12:25.588194123Z","updateTime":"2025-11-04T18:08:42.470280562Z","retainedReleaseCount":10,"expireTime":"2025-11-11T18:08:42.470280562Z"}
[debug] [2025-11-04T18:08:42.563Z] [hosting] updated TTL for existing channel for site ggr-staging-20251104152722 {"name":"projects/ggr-staging-20251104152722/sites/ggr-staging-20251104152722/channels/feat-ggr-phase0-preview","url":"https://ggr-staging-20251104152722--feat-ggr-phase0-preview-7s169i62.web.app","createTime":"2025-11-04T16:12:25.588194123Z","updateTime":"2025-11-04T18:08:42.470280562Z","retainedReleaseCount":10,"expireTime":"2025-11-11T18:08:42.470280562Z"}
[debug] [2025-11-04T18:08:48.172Z] defaultcredentials: writing to file /home/user/.config/firebase/retreatgreens_gmail_com_application_default_credentials.json
[debug] [2025-11-04T18:08:48.182Z] Checked if tokens are valid: true, expires at: 1762283315191
[debug] [2025-11-04T18:08:48.183Z] Checked if tokens are valid: true, expires at: 1762283315191
[debug] [2025-11-04T18:08:48.184Z] >>> [apiv2][query] GET https://firebasehosting.googleapis.com/v1beta1/projects/ggr-staging-20251104152722/sites pageToken=&pageSize=10
[debug] [2025-11-04T18:08:48.970Z] <<< [apiv2][status] GET https://firebasehosting.googleapis.com/v1beta1/projects/ggr-staging-20251104152722/sites 200
[debug] [2025-11-04T18:08:48.970Z] <<< [apiv2][body] GET https://firebasehosting.googleapis.com/v1beta1/projects/ggr-staging-20251104152722/sites {"sites":[{"name":"projects/ggr-staging-20251104152722/sites/ggr-staging-20251104152722","defaultUrl":"https://ggr-staging-20251104152722.web.app","type":"DEFAULT_SITE"}]}
[debug] [2025-11-04T18:08:48.971Z] Checked if tokens are valid: true, expires at: 1762283315191
[debug] [2025-11-04T18:08:48.972Z] Checked if tokens are valid: true, expires at: 1762283315191
[debug] [2025-11-04T18:08:48.972Z] >>> [apiv2][query] GET https://firebasehosting.googleapis.com/v1beta1/projects/ggr-staging-20251104152722/sites 
[debug] [2025-11-04T18:08:49.281Z] <<< [apiv2][status] GET https://firebasehosting.googleapis.com/v1beta1/projects/ggr-staging-20251104152722/sites 200
[debug] [2025-11-04T18:08:49.282Z] <<< [apiv2][body] GET https://firebasehosting.googleapis.com/v1beta1/projects/ggr-staging-20251104152722/sites {"sites":[{"name":"projects/ggr-staging-20251104152722/sites/ggr-staging-20251104152722","defaultUrl":"https://ggr-staging-20251104152722.web.app","type":"DEFAULT_SITE"}]}
[debug] [2025-11-04T18:08:49.287Z] Checked if tokens are valid: true, expires at: 1762283315191
[debug] [2025-11-04T18:08:49.287Z] Checked if tokens are valid: true, expires at: 1762283315191
[debug] [2025-11-04T18:08:49.287Z] >>> [apiv2][query] GET https://firebase.googleapis.com/v1beta1/projects/ggr-staging-20251104152722/webApps/-/config [none]
[debug] [2025-11-04T18:08:49.721Z] <<< [apiv2][status] GET https://firebase.googleapis.com/v1beta1/projects/ggr-staging-20251104152722/webApps/-/config 200
[debug] [2025-11-04T18:08:49.722Z] <<< [apiv2][body] GET https://firebase.googleapis.com/v1beta1/projects/ggr-staging-20251104152722/webApps/-/config {"projectId":"ggr-staging-20251104152722","storageBucket":"ggr-staging-20251104152722.firebasestorage.app","apiKey":"AIzaSyBigCnosvZ_h7uAst41spCkwfAEywb6Rj4","authDomain":"ggr-staging-20251104152722.firebaseapp.com","messagingSenderId":"214059729300","projectNumber":"214059729300","version":"2"}
[info] 
   Thank you for trying our early preview of Next.js support on Firebase Hosting.
   During the preview, support is best-effort and breaking changes can be expected. Proceed with caution.
   The integration is known to work with Next.js version 12 - 15.0. You may encounter errors.

   Documentation: https://firebase.google.com/docs/hosting/frameworks/nextjs
   File a bug: https://github.com/firebase/firebase-tools/issues/new?template=bug_report.md
   Submit a feature request: https://github.com/firebase/firebase-tools/issues/new?template=feature_request.md

   We'd love to learn from you. Express your interest in helping us shape the future of Firebase Hosting: https://goo.gle/41enW5X

[debug] [2025-11-04T18:09:01.800Z] Checked if tokens are valid: true, expires at: 1762283315191
[debug] [2025-11-04T18:09:01.802Z] Checked if tokens are valid: true, expires at: 1762283315191
[debug] [2025-11-04T18:09:01.802Z] >>> [apiv2][query] GET https://firebasehosting.googleapis.com/v1beta1/projects/ggr-staging-20251104152722/sites/ggr-staging-20251104152722/channels/feat-ggr-phase0-preview [none]
[debug] [2025-11-04T18:09:02.516Z] <<< [apiv2][status] GET https://firebasehosting.googleapis.com/v1beta1/projects/ggr-staging-20251104152722/sites/ggr-staging-20251104152722/channels/feat-ggr-phase0-preview 200
[debug] [2025-11-04T18:09:02.516Z] <<< [apiv2][body] GET https://firebasehosting.googleapis.com/v1beta1/projects/ggr-staging-20251104152722/sites/ggr-staging-20251104152722/channels/feat-ggr-phase0-preview {"name":"projects/ggr-staging-20251104152722/sites/ggr-staging-20251104152722/channels/feat-ggr-phase0-preview","url":"https://ggr-staging-20251104152722--feat-ggr-phase0-preview-7s169i62.web.app","createTime":"2025-11-04T16:12:25.588194123Z","updateTime":"2025-11-04T18:08:42.470280562Z","retainedReleaseCount":10,"expireTime":"2025-11-11T18:08:42.470280562Z"}
[info]    ▲ Next.js 15.3.3
   - Environments: .env.local, .env

[info] 

[info]    Creating an optimized production build ...

[info] Failed to compile.


[info] ./src/app/booking/thank-you/page.tsx
Error:   x Expression expected
    ,-[/home/user/studio/src/app/booking/thank-you/page.tsx:17:1]
 14 | import { getBookingDetails } from "../actions";
 15 | import { format } from "date-fns";
 16 | 
 17 | @@
    : ^
 18 | -// Next 15 can provide searchParams as an object OR a Promise<object>.
 19 | -type SearchParams = Record<string, string | string[] | undefined>;
 20 | -type ThankYouPageProps = {
    `----

Caused by:
    Syntax Error

Import trace for requested module:
./src/app/booking/thank-you/page.tsx


[info] 

[info] > Build failed because of webpack errors

[debug] [2025-11-04T18:09:27.936Z] Error: ENOENT: no such file or directory, open '/home/user/studio/.next/server/middleware-manifest.json'
[error] 
[error] Error: An unexpected error has occurred.
